Using pre-set license
Built from '2020.3/staging' branch; Version is '2020.3.11f1 (99c7afb366b3) revision 10078127'; Using compiler version '192528614'; Build Type 'Release'
OS: 'Windows 10 Pro; OS build 19042.1052; Version 2009; 64bit' Language: 'de' Physical Memory: 32714 MB
BatchMode: 1, IsHumanControllingUs: 0, StartBugReporterOnCrash: 0, Is64bit: 1, IsPro: 0

 COMMAND LINE ARGUMENTS:
C:\Program Files\Unity\Hub\Editor\2020.3.11f1\Editor\Unity.exe
-adb2
-batchMode
-noUpm
-name
AssetImportWorker0
-projectPath
C:/Users/basti/Documents/Unity-Projekte/mmp/Abschlussprojekt_MMP
-logFile
Logs/AssetImportWorker0.log
-srvPort
56858
Successfully changed project path to: C:/Users/basti/Documents/Unity-Projekte/mmp/Abschlussprojekt_MMP
C:/Users/basti/Documents/Unity-Projekte/mmp/Abschlussprojekt_MMP
Using Asset Import Pipeline V2.
Refreshing native plugins compatible for Editor in 27.54 ms, found 3 plugins.
Preloading 0 native plugins for Editor in 0.00 ms.
Initialize engine version: 2020.3.11f1 (99c7afb366b3)
[Subsystems] Discovering subsystems at path C:/Program Files/Unity/Hub/Editor/2020.3.11f1/Editor/Data/Resources/UnitySubsystems
[Subsystems] Discovering subsystems at path C:/Users/basti/Documents/Unity-Projekte/mmp/Abschlussprojekt_MMP/Assets
GfxDevice: creating device client; threaded=0
Direct3D:
    Version:  Direct3D 11.0 [level 11.1]
    Renderer: NVIDIA GeForce RTX 3080 (ID=0x2206)
    Vendor:   
    VRAM:     10078 MB
    Driver:   27.21.14.6677
Initialize mono
Mono path[0] = 'C:/Program Files/Unity/Hub/Editor/2020.3.11f1/Editor/Data/Managed'
Mono path[1] = 'C:/Program Files/Unity/Hub/Editor/2020.3.11f1/Editor/Data/MonoBleedingEdge/lib/mono/unityjit'
Mono config path = 'C:/Program Files/Unity/Hub/Editor/2020.3.11f1/Editor/Data/MonoBleedingEdge/etc'
Using monoOptions --debugger-agent=transport=dt_socket,embedding=1,server=y,suspend=n,address=127.0.0.1:56940
Begin MonoManager ReloadAssembly
Registering precompiled unity dll's ...
Register platform support module: C:/Program Files/Unity/Hub/Editor/2020.3.11f1/Editor/Data/PlaybackEngines/WebGLSupport/UnityEditor.WebGL.Extensions.dll
Register platform support module: C:/Program Files/Unity/Hub/Editor/2020.3.11f1/Editor/Data/PlaybackEngines/WindowsStandaloneSupport/UnityEditor.WindowsStandalone.Extensions.dll
Registered in 0.001416 seconds.
Native extension for WindowsStandalone target not found
Native extension for WebGL target not found
Refreshing native plugins compatible for Editor in 27.90 ms, found 3 plugins.
Preloading 0 native plugins for Editor in 0.00 ms.
Mono: successfully reloaded assembly
- Completed reload, in  1.286 seconds
Platform modules already initialized, skipping
Registering precompiled user dll's ...
Registered in 0.002616 seconds.
Begin MonoManager ReloadAssembly
Native extension for WindowsStandalone target not found
Native extension for WebGL target not found
Refreshing native plugins compatible for Editor in 26.27 ms, found 3 plugins.
Preloading 0 native plugins for Editor in 0.00 ms.
Mono: successfully reloaded assembly
- Completed reload, in  0.666 seconds
Platform modules already initialized, skipping
========================================================================
Worker process is ready to serve import requests
Launched and connected shader compiler UnityShaderCompiler.exe after 0.03 seconds
Refreshing native plugins compatible for Editor in 0.30 ms, found 3 plugins.
Preloading 0 native plugins for Editor in 0.00 ms.
Unloading 2081 Unused Serialized files (Serialized files now loaded: 0)
System memory in use before: 92.8 MB.
System memory in use after: 92.9 MB.

Unloading 28 unused Assets to reduce memory usage. Loaded Objects now: 2519.
Total: 1.604100 ms (FindLiveObjects: 0.130200 ms CreateObjectMapping: 0.042000 ms MarkObjects: 1.385500 ms  DeleteObjects: 0.045800 ms)

========================================================================
Received Import Request.
  path: Assets/Game Level
  artifactKey: Guid(24369ecb891950e49be51e89114c8bfe) Importer(815301076,1909f56bfc062723c751e8b465ee728b)
Start importing Assets/Game Level using Guid(24369ecb891950e49be51e89114c8bfe) Importer(815301076,1909f56bfc062723c751e8b465ee728b)  -> (artifact id: 'b65c03927ab42bd7d5d3ff0940f4c4b1') in 0.006554 seconds
  Import took 0.008819 seconds .

========================================================================
Received Import Request.
  Time since last request: 11.919003 seconds.
  path: Assets/Game Level/Level1.unity
  artifactKey: Guid(41eefb8b7bb735b44a6f16998231e09b) Importer(815301076,1909f56bfc062723c751e8b465ee728b)
Start importing Assets/Game Level/Level1.unity using Guid(41eefb8b7bb735b44a6f16998231e09b) Importer(815301076,1909f56bfc062723c751e8b465ee728b)  -> (artifact id: 'afabfe0e5ffcb8f82b5db022d808491e') in 0.009537 seconds
  Import took 0.011851 seconds .

========================================================================
Received Import Request.
  Time since last request: 11.936162 seconds.
  path: Assets/Game Level/sprites
  artifactKey: Guid(9fc8e530360b90c45a14e88cb3aa9dcd) Importer(815301076,1909f56bfc062723c751e8b465ee728b)
Start importing Assets/Game Level/sprites using Guid(9fc8e530360b90c45a14e88cb3aa9dcd) Importer(815301076,1909f56bfc062723c751e8b465ee728b)  -> (artifact id: '16717f80ed76a08ca6c959693c7dea90') in 0.004692 seconds
  Import took 0.006968 seconds .

========================================================================
Received Import Request.
  Time since last request: 0.000230 seconds.
  path: Assets/Game Level/sprites
  artifactKey: Guid(9fc8e530360b90c45a14e88cb3aa9dcd) Importer(815301076,1909f56bfc062723c751e8b465ee728b)
Start importing Assets/Game Level/sprites using Guid(9fc8e530360b90c45a14e88cb3aa9dcd) Importer(815301076,1909f56bfc062723c751e8b465ee728b)  -> (artifact id: '16717f80ed76a08ca6c959693c7dea90') in 0.001148 seconds
  Import took 0.002675 seconds .

========================================================================
Received Import Request.
  Time since last request: 0.084768 seconds.
  path: Assets/Game Level/sprites/Coin.png
  artifactKey: Guid(6d8291f1ee42dff44b758b24b36b2808) Importer(815301076,1909f56bfc062723c751e8b465ee728b)
Start importing Assets/Game Level/sprites/Coin.png using Guid(6d8291f1ee42dff44b758b24b36b2808) Importer(815301076,1909f56bfc062723c751e8b465ee728b)  -> (artifact id: 'a676be3efd239bcc57d13540110b2154') in 0.066046 seconds
  Import took 0.068216 seconds .

========================================================================
Received Import Request.
  Time since last request: 0.000126 seconds.
  path: Assets/Game Level/sprites/Pentagram_Activated.png
  artifactKey: Guid(3d38cb727f3837640afc8456bb727ec8) Importer(815301076,1909f56bfc062723c751e8b465ee728b)
Start importing Assets/Game Level/sprites/Pentagram_Activated.png using Guid(3d38cb727f3837640afc8456bb727ec8) Importer(815301076,1909f56bfc062723c751e8b465ee728b)  -> (artifact id: 'b45e89ff40cb63daf0f5dbc6e2f1dd37') in 0.007313 seconds
  Import took 0.009010 seconds .

========================================================================
Received Import Request.
  Time since last request: 0.000106 seconds.
  path: Assets/Game Level/sprites/WaterDrop2.png
  artifactKey: Guid(b7561c98d472663469bdab890ea296ff) Importer(815301076,1909f56bfc062723c751e8b465ee728b)
Start importing Assets/Game Level/sprites/WaterDrop2.png using Guid(b7561c98d472663469bdab890ea296ff) Importer(815301076,1909f56bfc062723c751e8b465ee728b)  -> (artifact id: 'b71af9cda907ea37c161652b762d6196') in 0.007677 seconds
  Import took 0.009286 seconds .

========================================================================
Received Import Request.
  Time since last request: 0.000118 seconds.
  path: Assets/Game Level/sprites/Wood.png
  artifactKey: Guid(3de643b42c8ad4d489f679e0269a5425) Importer(815301076,1909f56bfc062723c751e8b465ee728b)
Start importing Assets/Game Level/sprites/Wood.png using Guid(3de643b42c8ad4d489f679e0269a5425) Importer(815301076,1909f56bfc062723c751e8b465ee728b)  -> (artifact id: '59d81e894c96d87da0dc9f5bde0e1da7') in 0.006323 seconds
  Import took 0.008103 seconds .

========================================================================
Received Import Request.
  Time since last request: 0.000106 seconds.
  path: Assets/Game Level/sprites/Cursor_Shoot.png
  artifactKey: Guid(640aeb5365852894c8454f85ba06f056) Importer(815301076,1909f56bfc062723c751e8b465ee728b)
Start importing Assets/Game Level/sprites/Cursor_Shoot.png using Guid(640aeb5365852894c8454f85ba06f056) Importer(815301076,1909f56bfc062723c751e8b465ee728b)  -> (artifact id: '87c3e18f44a5a674703c8141b8c77f69') in 0.006765 seconds
  Import took 0.008319 seconds .

========================================================================
Received Import Request.
  Time since last request: 0.000091 seconds.
  path: Assets/Game Level/sprites/ItemFrame.png
  artifactKey: Guid(20db7ae71922011488f858908fd500cd) Importer(815301076,1909f56bfc062723c751e8b465ee728b)
Start importing Assets/Game Level/sprites/ItemFrame.png using Guid(20db7ae71922011488f858908fd500cd) Importer(815301076,1909f56bfc062723c751e8b465ee728b)  -> (artifact id: 'e4c02c9074a74ed43dd67b0efa9462ac') in 0.008522 seconds
  Import took 0.010205 seconds .

========================================================================
Received Import Request.
  Time since last request: 0.000093 seconds.
  path: Assets/Game Level/sprites/Gravestone.png
  artifactKey: Guid(80ebe5fcd31c1f24ea612e079ad52600) Importer(815301076,1909f56bfc062723c751e8b465ee728b)
Start importing Assets/Game Level/sprites/Gravestone.png using Guid(80ebe5fcd31c1f24ea612e079ad52600) Importer(815301076,1909f56bfc062723c751e8b465ee728b)  -> (artifact id: 'b4742f43ea6ddb582227b3d4bfa389a6') in 0.006727 seconds
  Import took 0.008301 seconds .

========================================================================
Received Import Request.
  Time since last request: 0.000085 seconds.
  path: Assets/Game Level/sprites/Stone.png
  artifactKey: Guid(a50c0a66873e93842acb66ea334c5d1b) Importer(815301076,1909f56bfc062723c751e8b465ee728b)
Start importing Assets/Game Level/sprites/Stone.png using Guid(a50c0a66873e93842acb66ea334c5d1b) Importer(815301076,1909f56bfc062723c751e8b465ee728b)  -> (artifact id: '9014f36d52eb808d8c2f21e80e9f65a9') in 0.006382 seconds
  Import took 0.007931 seconds .

========================================================================
Received Import Request.
  Time since last request: 0.000093 seconds.
  path: Assets/Game Level/sprites/Diamond.png
  artifactKey: Guid(2994b44b56e1e3b4e9c49516bf20d296) Importer(815301076,1909f56bfc062723c751e8b465ee728b)
Start importing Assets/Game Level/sprites/Diamond.png using Guid(2994b44b56e1e3b4e9c49516bf20d296) Importer(815301076,1909f56bfc062723c751e8b465ee728b)  -> (artifact id: '06cf3c6d6d3a4df1ccbbe5cffe95d857') in 0.007298 seconds
  Import took 0.008837 seconds .

========================================================================
Received Import Request.
  Time since last request: 0.000088 seconds.
  path: Assets/Game Level/sprites/TrashCan.png
  artifactKey: Guid(8e4980acb147289419506bd0c879697e) Importer(815301076,1909f56bfc062723c751e8b465ee728b)
Start importing Assets/Game Level/sprites/TrashCan.png using Guid(8e4980acb147289419506bd0c879697e) Importer(815301076,1909f56bfc062723c751e8b465ee728b)  -> (artifact id: 'd0b666b1d1b9324422791562a316fe3a') in 0.007895 seconds
  Import took 0.009438 seconds .

========================================================================
Received Import Request.
  Time since last request: 0.000106 seconds.
  path: Assets/Game Level/sprites/Panel.png
  artifactKey: Guid(37b64587dd8fe96448d266216203d6df) Importer(815301076,1909f56bfc062723c751e8b465ee728b)
Start importing Assets/Game Level/sprites/Panel.png using Guid(37b64587dd8fe96448d266216203d6df) Importer(815301076,1909f56bfc062723c751e8b465ee728b)  -> (artifact id: 'cad11e3faf9a7716d9b04a31cec83c5b') in 0.007328 seconds
  Import took 0.009028 seconds .

========================================================================
Received Import Request.
  Time since last request: 0.000109 seconds.
  path: Assets/Game Level/sprites/Phone.png
  artifactKey: Guid(ab0f3ffe387009e4fa68a36163041fcc) Importer(815301076,1909f56bfc062723c751e8b465ee728b)
Start importing Assets/Game Level/sprites/Phone.png using Guid(ab0f3ffe387009e4fa68a36163041fcc) Importer(815301076,1909f56bfc062723c751e8b465ee728b)  -> (artifact id: '7f6c31522f398770dd0d45c0673ccee1') in 0.007509 seconds
  Import took 0.009051 seconds .

========================================================================
Received Import Request.
  Time since last request: 0.000107 seconds.
  path: Assets/Game Level/sprites/Cursor_Normal.png
  artifactKey: Guid(bbd2a12384219bc429d3380f341bb487) Importer(815301076,1909f56bfc062723c751e8b465ee728b)
Start importing Assets/Game Level/sprites/Cursor_Normal.png using Guid(bbd2a12384219bc429d3380f341bb487) Importer(815301076,1909f56bfc062723c751e8b465ee728b)  -> (artifact id: 'b9ee9792ac68c69e0e8a0ef7887c17b4') in 0.007411 seconds
  Import took 0.009172 seconds .

========================================================================
Received Import Request.
  Time since last request: 0.000102 seconds.
  path: Assets/Game Level/sprites/ItemPoolFrame.png
  artifactKey: Guid(dc7b82eb2e5e00a4ca12b4c8643eaa5f) Importer(815301076,1909f56bfc062723c751e8b465ee728b)
Start importing Assets/Game Level/sprites/ItemPoolFrame.png using Guid(dc7b82eb2e5e00a4ca12b4c8643eaa5f) Importer(815301076,1909f56bfc062723c751e8b465ee728b)  -> (artifact id: '9b1919e4f2fa816465ad19609b5e7558') in 0.013580 seconds
  Import took 0.015256 seconds .

========================================================================
Received Import Request.
  Time since last request: 0.000106 seconds.
  path: Assets/Game Level/sprites/Pentagram.png
  artifactKey: Guid(322c22b3a9d127148a18da458ad4f43e) Importer(815301076,1909f56bfc062723c751e8b465ee728b)
Start importing Assets/Game Level/sprites/Pentagram.png using Guid(322c22b3a9d127148a18da458ad4f43e) Importer(815301076,1909f56bfc062723c751e8b465ee728b)  -> (artifact id: '836bc90e3e87c5a37bbf5be1ca654292') in 0.006651 seconds
  Import took 0.008219 seconds .

========================================================================
Received Import Request.
  Time since last request: 0.000100 seconds.
  path: Assets/Game Level/sprites/Crate.png
  artifactKey: Guid(43f3cd8c409f1d648ad788c2b4d51116) Importer(815301076,1909f56bfc062723c751e8b465ee728b)
Start importing Assets/Game Level/sprites/Crate.png using Guid(43f3cd8c409f1d648ad788c2b4d51116) Importer(815301076,1909f56bfc062723c751e8b465ee728b)  -> (artifact id: 'ea04425b2dd0d0037804da3bd24aa462') in 0.006508 seconds
  Import took 0.008215 seconds .

========================================================================
Received Import Request.
  Time since last request: 0.000097 seconds.
  path: Assets/Game Level/sprites/WaterDrop1.png
  artifactKey: Guid(24895b1b045ea5244ab9bdb673b6fb41) Importer(815301076,1909f56bfc062723c751e8b465ee728b)
Start importing Assets/Game Level/sprites/WaterDrop1.png using Guid(24895b1b045ea5244ab9bdb673b6fb41) Importer(815301076,1909f56bfc062723c751e8b465ee728b)  -> (artifact id: 'aaa81033a857b1d55e8b679d106cc7fa') in 0.007243 seconds
  Import took 0.008765 seconds .

========================================================================
Received Import Request.
  Time since last request: 0.000130 seconds.
  path: Assets/Game Level/sprites/GothicEnemy02.png
  artifactKey: Guid(099e7077e3a9b9f43aa1dc92114515f3) Importer(815301076,1909f56bfc062723c751e8b465ee728b)
Start importing Assets/Game Level/sprites/GothicEnemy02.png using Guid(099e7077e3a9b9f43aa1dc92114515f3) Importer(815301076,1909f56bfc062723c751e8b465ee728b)  -> (artifact id: '7839ee13a0ce969e32d40b8484b22c94') in 0.006751 seconds
  Import took 0.008416 seconds .

========================================================================
Received Import Request.
  Time since last request: 0.000102 seconds.
  path: Assets/Game Level/sprites/Potion.png
  artifactKey: Guid(7517cc5c322b3c84ca8a038415522efa) Importer(815301076,1909f56bfc062723c751e8b465ee728b)
Start importing Assets/Game Level/sprites/Potion.png using Guid(7517cc5c322b3c84ca8a038415522efa) Importer(815301076,1909f56bfc062723c751e8b465ee728b)  -> (artifact id: 'b1c22c360e5c018c30f1783163e6d544') in 0.006010 seconds
  Import took 0.007730 seconds .

========================================================================
Received Import Request.
  Time since last request: 0.000102 seconds.
  path: Assets/Game Level/sprites/YellowCursor.png
  artifactKey: Guid(64df8e486732b6548b2378017b49488f) Importer(815301076,1909f56bfc062723c751e8b465ee728b)
Start importing Assets/Game Level/sprites/YellowCursor.png using Guid(64df8e486732b6548b2378017b49488f) Importer(815301076,1909f56bfc062723c751e8b465ee728b)  -> (artifact id: '2c960fe6242b3babb612eccf5f9bf966') in 0.006508 seconds
  Import took 0.008024 seconds .

========================================================================
Received Import Request.
  Time since last request: 35.610368 seconds.
  path: Assets/Startup Menu
  artifactKey: Guid(86a6d4c7b7ea432469bd648c14b22915) Importer(815301076,1909f56bfc062723c751e8b465ee728b)
Start importing Assets/Startup Menu using Guid(86a6d4c7b7ea432469bd648c14b22915) Importer(815301076,1909f56bfc062723c751e8b465ee728b)  -> (artifact id: '95396d111ef37c558f44d480305bab5e') in 0.005089 seconds
  Import took 0.007442 seconds .

========================================================================
Received Import Request.
  Time since last request: 15.823098 seconds.
  path: Assets/Startup Menu/Startup Scene.unity
  artifactKey: Guid(ba609402f8a5ed242ba0cc6c4e8e1aec) Importer(815301076,1909f56bfc062723c751e8b465ee728b)
Start importing Assets/Startup Menu/Startup Scene.unity using Guid(ba609402f8a5ed242ba0cc6c4e8e1aec) Importer(815301076,1909f56bfc062723c751e8b465ee728b)  -> (artifact id: '3bb95127abf7cfee69bb50a495054668') in 0.004886 seconds
  Import took 0.007409 seconds .

========================================================================
Received Import Request.
  Time since last request: 6.336421 seconds.
  path: Assets/Startup Menu/sprites
  artifactKey: Guid(72d8c04025acb5642bba622d453f9b2c) Importer(815301076,1909f56bfc062723c751e8b465ee728b)
Start importing Assets/Startup Menu/sprites using Guid(72d8c04025acb5642bba622d453f9b2c) Importer(815301076,1909f56bfc062723c751e8b465ee728b)  -> (artifact id: '8345b18920f65e3b9be1b5005c6d1ffb') in 0.001507 seconds
  Import took 0.004007 seconds .

========================================================================
Received Import Request.
  Time since last request: 1.035923 seconds.
  path: Assets/Startup Menu/sprites/Crow.png
  artifactKey: Guid(e67c98750a299aa4599aeca94e933d94) Importer(815301076,1909f56bfc062723c751e8b465ee728b)
Start importing Assets/Startup Menu/sprites/Crow.png using Guid(e67c98750a299aa4599aeca94e933d94) Importer(815301076,1909f56bfc062723c751e8b465ee728b)  -> (artifact id: '10ee6adea3d2eed0c50f344dc6bae789') in 0.011665 seconds
  Import took 0.014034 seconds .

========================================================================
Received Import Request.
  Time since last request: 0.000119 seconds.
  path: Assets/Startup Menu/sprites/YellowCursor - Kopie.png
  artifactKey: Guid(aedce2f46141cae4f83c1db2597ebf3e) Importer(815301076,1909f56bfc062723c751e8b465ee728b)
Start importing Assets/Startup Menu/sprites/YellowCursor - Kopie.png using Guid(aedce2f46141cae4f83c1db2597ebf3e) Importer(815301076,1909f56bfc062723c751e8b465ee728b)  -> (artifact id: '71a7bf3ac307a153ee4e4dc33224f671') in 0.006898 seconds
  Import took 0.008669 seconds .

========================================================================
Received Import Request.
  Time since last request: 0.000120 seconds.
  path: Assets/Startup Menu/sprites/Tree02.png
  artifactKey: Guid(fa4c8fbbf2986a949a9a455d1433338c) Importer(815301076,1909f56bfc062723c751e8b465ee728b)
Start importing Assets/Startup Menu/sprites/Tree02.png using Guid(fa4c8fbbf2986a949a9a455d1433338c) Importer(815301076,1909f56bfc062723c751e8b465ee728b)  -> (artifact id: '3900df345c3d56dad740cdf47ba1aac8') in 0.011699 seconds
  Import took 0.013617 seconds .

========================================================================
Received Import Request.
  Time since last request: 0.000123 seconds.
  path: Assets/Startup Menu/sprites/SkyBackground.png
  artifactKey: Guid(90a8543f9e630974689796214bd01ece) Importer(815301076,1909f56bfc062723c751e8b465ee728b)
Start importing Assets/Startup Menu/sprites/SkyBackground.png using Guid(90a8543f9e630974689796214bd01ece) Importer(815301076,1909f56bfc062723c751e8b465ee728b)  -> (artifact id: 'e48c3d2949f039d69c38cf943d8418a4') in 0.028708 seconds
  Import took 0.030757 seconds .

========================================================================
Received Import Request.
  Time since last request: 0.000113 seconds.
  path: Assets/Startup Menu/sprites/X.png
  artifactKey: Guid(4b421d6c4e093704582e094e02e8ff12) Importer(815301076,1909f56bfc062723c751e8b465ee728b)
Start importing Assets/Startup Menu/sprites/X.png using Guid(4b421d6c4e093704582e094e02e8ff12) Importer(815301076,1909f56bfc062723c751e8b465ee728b)  -> (artifact id: 'd79e4b840deb5f44b1ef0df6b393b858') in 0.010313 seconds
  Import took 0.012374 seconds .

========================================================================
Received Import Request.
  Time since last request: 0.000111 seconds.
  path: Assets/Startup Menu/sprites/Tree01.png
  artifactKey: Guid(b210ea581996cf444b44aaa504328b9b) Importer(815301076,1909f56bfc062723c751e8b465ee728b)
Start importing Assets/Startup Menu/sprites/Tree01.png using Guid(b210ea581996cf444b44aaa504328b9b) Importer(815301076,1909f56bfc062723c751e8b465ee728b)  -> (artifact id: '9c2b7dffe52dbe1891152d4116b615d2') in 0.026347 seconds
  Import took 0.028282 seconds .

========================================================================
Received Import Request.
  Time since last request: 32.641460 seconds.
  path: ProjectSettings/TagManager.asset
  artifactKey: Guid(00000000000000003000000000000000) Importer(815301076,1909f56bfc062723c751e8b465ee728b)
Start importing ProjectSettings/TagManager.asset using Guid(00000000000000003000000000000000) Importer(815301076,1909f56bfc062723c751e8b465ee728b)  -> (artifact id: '95df672b4aaba54310d34c83eef51bb8') in 0.006436 seconds
  Import took 0.008818 seconds .

========================================================================
Received Import Request.
  Time since last request: 259.226406 seconds.
  path: Assets/Startup Menu/scripts
  artifactKey: Guid(762c473d4f189734690fd60032ca92c9) Importer(815301076,1909f56bfc062723c751e8b465ee728b)
Start importing Assets/Startup Menu/scripts using Guid(762c473d4f189734690fd60032ca92c9) Importer(815301076,1909f56bfc062723c751e8b465ee728b)  -> (artifact id: '27ac432628cca38bfbfaeebf7d9dcfec') in 0.005407 seconds
  Import took 0.008076 seconds .

========================================================================
Received Prepare
Registering precompiled user dll's ...
Registered in 0.003589 seconds.
Begin MonoManager ReloadAssembly
Native extension for WindowsStandalone target not found
Native extension for WebGL target not found
Refreshing native plugins compatible for Editor in 0.38 ms, found 3 plugins.
Preloading 0 native plugins for Editor in 0.00 ms.
Mono: successfully reloaded assembly
- Completed reload, in  0.610 seconds
Platform modules already initialized, skipping
Refreshing native plugins compatible for Editor in 0.28 ms, found 3 plugins.
Preloading 0 native plugins for Editor in 0.00 ms.
Unloading 2075 Unused Serialized files (Serialized files now loaded: 0)
System memory in use before: 95.4 MB.
System memory in use after: 95.5 MB.

Unloading 17 unused Assets to reduce memory usage. Loaded Objects now: 2567.
Total: 1.716200 ms (FindLiveObjects: 0.141600 ms CreateObjectMapping: 0.041900 ms MarkObjects: 1.514900 ms  DeleteObjects: 0.017300 ms)

========================================================================
Received Import Request.
  Time since last request: 268.975684 seconds.
  path: Assets/AbandonedTown
  artifactKey: Guid(316509f6a222630459eb91829beeeb0f) Importer(815301076,1909f56bfc062723c751e8b465ee728b)
Start importing Assets/AbandonedTown using Guid(316509f6a222630459eb91829beeeb0f) Importer(815301076,1909f56bfc062723c751e8b465ee728b)  -> (artifact id: '086470ab574b2649ab380b4ca9662ca6') in 0.007109 seconds
  Import took 0.009550 seconds .

========================================================================
Received Import Request.
  Time since last request: 0.792722 seconds.
  path: Assets/AbandonedTown/Assets
  artifactKey: Guid(4ad6414b95b8c5e4b8047e06098b9b50) Importer(815301076,1909f56bfc062723c751e8b465ee728b)
Start importing Assets/AbandonedTown/Assets using Guid(4ad6414b95b8c5e4b8047e06098b9b50) Importer(815301076,1909f56bfc062723c751e8b465ee728b)  -> (artifact id: '509cbc2317f2933db740a2fbd1a32637') in 0.004704 seconds
  Import took 0.006900 seconds .

========================================================================
Received Import Request.
  Time since last request: 14.330794 seconds.
  path: Assets/AbandonedTown/Assets/Scripts
  artifactKey: Guid(cfe7bbaec4dfe3a4e87e369bfdb43a59) Importer(815301076,1909f56bfc062723c751e8b465ee728b)
Start importing Assets/AbandonedTown/Assets/Scripts using Guid(cfe7bbaec4dfe3a4e87e369bfdb43a59) Importer(815301076,1909f56bfc062723c751e8b465ee728b)  -> (artifact id: '68845ca8b57b7de0e357e4840df3e372') in 0.004719 seconds
  Import took 0.007078 seconds .

========================================================================
Received Import Request.
  Time since last request: 4.859411 seconds.
  path: Assets/AbandonedTown/Assets/Scripts/grassSwag.cs
  artifactKey: Guid(d33bc12675ec6cb40a4f11c06dbc929a) Importer(815301076,1909f56bfc062723c751e8b465ee728b)
Start importing Assets/AbandonedTown/Assets/Scripts/grassSwag.cs using Guid(d33bc12675ec6cb40a4f11c06dbc929a) Importer(815301076,1909f56bfc062723c751e8b465ee728b)  -> (artifact id: '562f24d6c8094396d4bcb2e0d7fa0eeb') in 0.008212 seconds
  Import took 0.010674 seconds .

========================================================================
Received Import Request.
  Time since last request: 1.281741 seconds.
  path: Assets/AbandonedTown/Assets/Scripts/sky.cs
  artifactKey: Guid(85e02fab2ac366648a4a1747c62abb9b) Importer(815301076,1909f56bfc062723c751e8b465ee728b)
Start importing Assets/AbandonedTown/Assets/Scripts/sky.cs using Guid(85e02fab2ac366648a4a1747c62abb9b) Importer(815301076,1909f56bfc062723c751e8b465ee728b)  -> (artifact id: '05dfd9d057d76c6ce285149bead9ac10') in 0.005799 seconds
  Import took 0.008252 seconds .

========================================================================
Received Prepare
Registering precompiled user dll's ...
Registered in 0.002460 seconds.
Begin MonoManager ReloadAssembly
Native extension for WindowsStandalone target not found
Native extension for WebGL target not found
Refreshing native plugins compatible for Editor in 0.38 ms, found 3 plugins.
Preloading 0 native plugins for Editor in 0.00 ms.
Mono: successfully reloaded assembly
- Completed reload, in  0.620 seconds
Platform modules already initialized, skipping
Refreshing native plugins compatible for Editor in 0.33 ms, found 3 plugins.
Preloading 0 native plugins for Editor in 0.00 ms.
Unloading 2075 Unused Serialized files (Serialized files now loaded: 0)
System memory in use before: 95.4 MB.
System memory in use after: 95.5 MB.

Unloading 16 unused Assets to reduce memory usage. Loaded Objects now: 2571.
Total: 1.944500 ms (FindLiveObjects: 0.164500 ms CreateObjectMapping: 0.053100 ms MarkObjects: 1.708200 ms  DeleteObjects: 0.017700 ms)

========================================================================
Received Import Request.
  Time since last request: 14.809516 seconds.
  path: Assets/AbandonedTown/Assets/Pictures/tree
  artifactKey: Guid(0726731cfad890b4c9822da42f019b38) Importer(815301076,1909f56bfc062723c751e8b465ee728b)
Start importing Assets/AbandonedTown/Assets/Pictures/tree using Guid(0726731cfad890b4c9822da42f019b38) Importer(815301076,1909f56bfc062723c751e8b465ee728b)  -> (artifact id: '283af092bda7a55e6ad48be77f2cd05e') in 0.007367 seconds
  Import took 0.009540 seconds .

========================================================================
Received Import Request.
  Time since last request: 0.085605 seconds.
  path: Assets/AbandonedTown/Assets/Pictures/tree/treeAutumn01.png
  artifactKey: Guid(59f51fe5b9c1d714b9536a3665a3d65c) Importer(815301076,1909f56bfc062723c751e8b465ee728b)
Start importing Assets/AbandonedTown/Assets/Pictures/tree/treeAutumn01.png using Guid(59f51fe5b9c1d714b9536a3665a3d65c) Importer(815301076,1909f56bfc062723c751e8b465ee728b)  -> (artifact id: '7190e2c2dce9c9b5ed687e1202bcb18a') in 0.038018 seconds
  Import took 0.040048 seconds .

========================================================================
Received Import Request.
  Time since last request: 0.000108 seconds.
  path: Assets/AbandonedTown/Assets/Pictures/tree/treeSummer01.png
  artifactKey: Guid(7d215eb51001f3e4484528ebaf62d3e2) Importer(815301076,1909f56bfc062723c751e8b465ee728b)
Start importing Assets/AbandonedTown/Assets/Pictures/tree/treeSummer01.png using Guid(7d215eb51001f3e4484528ebaf62d3e2) Importer(815301076,1909f56bfc062723c751e8b465ee728b)  -> (artifact id: '39cbdaf17fd57ddb55fc875a30da8df0') in 0.010428 seconds
  Import took 0.012057 seconds .

========================================================================
Received Import Request.
  Time since last request: 0.000085 seconds.
  path: Assets/AbandonedTown/Assets/Pictures/tree/treeAutumn10.png
  artifactKey: Guid(e30cf554008d3384f83c92e74158f937) Importer(815301076,1909f56bfc062723c751e8b465ee728b)
Start importing Assets/AbandonedTown/Assets/Pictures/tree/treeAutumn10.png using Guid(e30cf554008d3384f83c92e74158f937) Importer(815301076,1909f56bfc062723c751e8b465ee728b)  -> (artifact id: '2774790585df0eb52406d18c3085d384') in 0.009803 seconds
  Import took 0.011464 seconds .

========================================================================
Received Import Request.
  Time since last request: 0.000097 seconds.
  path: Assets/AbandonedTown/Assets/Pictures/tree/treeSummer10.png
  artifactKey: Guid(31bfecc6a58bf1643b0a4eff72ade30d) Importer(815301076,1909f56bfc062723c751e8b465ee728b)
Start importing Assets/AbandonedTown/Assets/Pictures/tree/treeSummer10.png using Guid(31bfecc6a58bf1643b0a4eff72ade30d) Importer(815301076,1909f56bfc062723c751e8b465ee728b)  -> (artifact id: 'aab9f083fed8616083602ab81b0b52ee') in 0.033302 seconds
  Import took 0.035018 seconds .

========================================================================
Received Import Request.
  Time since last request: 0.000097 seconds.
  path: Assets/AbandonedTown/Assets/Pictures/tree/treeSummer09.png
  artifactKey: Guid(c7ffdc023c3711242a7fde12c7588917) Importer(815301076,1909f56bfc062723c751e8b465ee728b)
Start importing Assets/AbandonedTown/Assets/Pictures/tree/treeSummer09.png using Guid(c7ffdc023c3711242a7fde12c7588917) Importer(815301076,1909f56bfc062723c751e8b465ee728b)  -> (artifact id: '969b68ed91a35dc2b7650ae32312b279') in 0.009975 seconds
  Import took 0.011607 seconds .

========================================================================
Received Import Request.
  Time since last request: 0.000089 seconds.
  path: Assets/AbandonedTown/Assets/Pictures/tree/treeAutumn08.png
  artifactKey: Guid(180437861f4f2484f8042d532a1609dc) Importer(815301076,1909f56bfc062723c751e8b465ee728b)
Start importing Assets/AbandonedTown/Assets/Pictures/tree/treeAutumn08.png using Guid(180437861f4f2484f8042d532a1609dc) Importer(815301076,1909f56bfc062723c751e8b465ee728b)  -> (artifact id: 'ff24e464c3f8c9cba62f7d557b420ad3') in 0.009346 seconds
  Import took 0.010875 seconds .

========================================================================
Received Import Request.
  Time since last request: 0.000086 seconds.
  path: Assets/AbandonedTown/Assets/Pictures/tree/treeSummer02.png
  artifactKey: Guid(8a1e3e196f9eb0348a265d7fdb6a7052) Importer(815301076,1909f56bfc062723c751e8b465ee728b)
Start importing Assets/AbandonedTown/Assets/Pictures/tree/treeSummer02.png using Guid(8a1e3e196f9eb0348a265d7fdb6a7052) Importer(815301076,1909f56bfc062723c751e8b465ee728b)  -> (artifact id: '1b5aba580aeb51d2d2c9a949d4ab7025') in 0.009637 seconds
  Import took 0.011225 seconds .

========================================================================
Received Import Request.
  Time since last request: 0.000115 seconds.
  path: Assets/AbandonedTown/Assets/Pictures/tree/treeSummer04.png
  artifactKey: Guid(269ed7ce312f6134086c772861ccf3b0) Importer(815301076,1909f56bfc062723c751e8b465ee728b)
Start importing Assets/AbandonedTown/Assets/Pictures/tree/treeSummer04.png using Guid(269ed7ce312f6134086c772861ccf3b0) Importer(815301076,1909f56bfc062723c751e8b465ee728b)  -> (artifact id: '072beaa4301355838507239eae490ddf') in 0.009521 seconds
  Import took 0.011220 seconds .

========================================================================
Received Import Request.
  Time since last request: 0.000088 seconds.
  path: Assets/AbandonedTown/Assets/Pictures/tree/treeAutumn09.png
  artifactKey: Guid(5b3e1832f1bc7d74ca6b0ec3ea21098d) Importer(815301076,1909f56bfc062723c751e8b465ee728b)
Start importing Assets/AbandonedTown/Assets/Pictures/tree/treeAutumn09.png using Guid(5b3e1832f1bc7d74ca6b0ec3ea21098d) Importer(815301076,1909f56bfc062723c751e8b465ee728b)  -> (artifact id: 'd6c2053799727f32a4dd23f9dd7e7f01') in 0.009130 seconds
  Import took 0.010653 seconds .

========================================================================
Received Import Request.
  Time since last request: 0.000086 seconds.
  path: Assets/AbandonedTown/Assets/Pictures/tree/treeSummer03.png
  artifactKey: Guid(c8fab13b501f2d642aaa0b65c3d50a4e) Importer(815301076,1909f56bfc062723c751e8b465ee728b)
Start importing Assets/AbandonedTown/Assets/Pictures/tree/treeSummer03.png using Guid(c8fab13b501f2d642aaa0b65c3d50a4e) Importer(815301076,1909f56bfc062723c751e8b465ee728b)  -> (artifact id: '707da50386a437d2568be1a964bd36d8') in 0.009615 seconds
  Import took 0.011153 seconds .

========================================================================
Received Import Request.
  Time since last request: 0.000086 seconds.
  path: Assets/AbandonedTown/Assets/Pictures/tree/treeAutumn03.png
  artifactKey: Guid(d8de9a1470387ad4d952e3925d87974b) Importer(815301076,1909f56bfc062723c751e8b465ee728b)
Start importing Assets/AbandonedTown/Assets/Pictures/tree/treeAutumn03.png using Guid(d8de9a1470387ad4d952e3925d87974b) Importer(815301076,1909f56bfc062723c751e8b465ee728b)  -> (artifact id: '8c5ecebfb41b59088b0416e8f549f704') in 0.009297 seconds
  Import took 0.010844 seconds .

========================================================================
Received Import Request.
  Time since last request: 0.000084 seconds.
  path: Assets/AbandonedTown/Assets/Pictures/tree/treeSummer08.png
  artifactKey: Guid(526bdc8c9e0d2be49a1933617167774f) Importer(815301076,1909f56bfc062723c751e8b465ee728b)
Start importing Assets/AbandonedTown/Assets/Pictures/tree/treeSummer08.png using Guid(526bdc8c9e0d2be49a1933617167774f) Importer(815301076,1909f56bfc062723c751e8b465ee728b)  -> (artifact id: 'e1f75289e62ec148e0fd293031635cad') in 0.008733 seconds
  Import took 0.010296 seconds .

========================================================================
Received Import Request.
  Time since last request: 0.000154 seconds.
  path: Assets/AbandonedTown/Assets/Pictures/tree/treeAutumn02.png
  artifactKey: Guid(d4bd534282ac1694bbd8b1fe5d519dba) Importer(815301076,1909f56bfc062723c751e8b465ee728b)
Start importing Assets/AbandonedTown/Assets/Pictures/tree/treeAutumn02.png using Guid(d4bd534282ac1694bbd8b1fe5d519dba) Importer(815301076,1909f56bfc062723c751e8b465ee728b)  -> (artifact id: '3d3ca9f6201c55fd1645e669112b1598') in 0.028212 seconds
  Import took 0.029903 seconds .

========================================================================
Received Import Request.
  Time since last request: 0.000126 seconds.
  path: Assets/AbandonedTown/Assets/Pictures/tree/treeSummer05.png
  artifactKey: Guid(7728253c2b7682b4dbfd2afb7dd7ad43) Importer(815301076,1909f56bfc062723c751e8b465ee728b)
Start importing Assets/AbandonedTown/Assets/Pictures/tree/treeSummer05.png using Guid(7728253c2b7682b4dbfd2afb7dd7ad43) Importer(815301076,1909f56bfc062723c751e8b465ee728b)  -> (artifact id: '5cd282df795f783fdb9c437a91b375f5') in 0.039283 seconds
  Import took 0.041136 seconds .

========================================================================
Received Import Request.
  Time since last request: 0.000133 seconds.
  path: Assets/AbandonedTown/Assets/Pictures/tree/treeSummer07.png
  artifactKey: Guid(1ca8069f25f3a1b47b2213fddcb42ee2) Importer(815301076,1909f56bfc062723c751e8b465ee728b)
Start importing Assets/AbandonedTown/Assets/Pictures/tree/treeSummer07.png using Guid(1ca8069f25f3a1b47b2213fddcb42ee2) Importer(815301076,1909f56bfc062723c751e8b465ee728b)  -> (artifact id: '632e073b8f3adf5ab3250244805d8360') in 0.011078 seconds
  Import took 0.012801 seconds .

========================================================================
Received Import Request.
  Time since last request: 0.000087 seconds.
  path: Assets/AbandonedTown/Assets/Pictures/tree/treeAutumn07.png
  artifactKey: Guid(ced84fc578a1a8a4091a41e7034571f7) Importer(815301076,1909f56bfc062723c751e8b465ee728b)
Start importing Assets/AbandonedTown/Assets/Pictures/tree/treeAutumn07.png using Guid(ced84fc578a1a8a4091a41e7034571f7) Importer(815301076,1909f56bfc062723c751e8b465ee728b)  -> (artifact id: 'fa8b2960ab452c087b1ac1eaa07587bf') in 0.009065 seconds
  Import took 0.010775 seconds .

========================================================================
Received Import Request.
  Time since last request: 0.000107 seconds.
  path: Assets/AbandonedTown/Assets/Pictures/tree/treeSummer06.png
  artifactKey: Guid(9f68e289a15b2764da87a59af98d386a) Importer(815301076,1909f56bfc062723c751e8b465ee728b)
Start importing Assets/AbandonedTown/Assets/Pictures/tree/treeSummer06.png using Guid(9f68e289a15b2764da87a59af98d386a) Importer(815301076,1909f56bfc062723c751e8b465ee728b)  -> (artifact id: '4ab058a2647f6296315ba901e4edccd6') in 0.008655 seconds
  Import took 0.010264 seconds .

========================================================================
Received Import Request.
  Time since last request: 0.000078 seconds.
  path: Assets/AbandonedTown/Assets/Pictures/tree/treeAutumn04.png
  artifactKey: Guid(864b63ab884363d4cbc4629a61f97cde) Importer(815301076,1909f56bfc062723c751e8b465ee728b)
Start importing Assets/AbandonedTown/Assets/Pictures/tree/treeAutumn04.png using Guid(864b63ab884363d4cbc4629a61f97cde) Importer(815301076,1909f56bfc062723c751e8b465ee728b)  -> (artifact id: 'e271b5ff7df7933d15bd0d1a51881923') in 0.009385 seconds
  Import took 0.010955 seconds .

========================================================================
Received Import Request.
  Time since last request: 0.000131 seconds.
  path: Assets/AbandonedTown/Assets/Pictures/tree/treeAutumn05.png
  artifactKey: Guid(cc9fc0f1e83fafe4997c20e259a248e3) Importer(815301076,1909f56bfc062723c751e8b465ee728b)
Start importing Assets/AbandonedTown/Assets/Pictures/tree/treeAutumn05.png using Guid(cc9fc0f1e83fafe4997c20e259a248e3) Importer(815301076,1909f56bfc062723c751e8b465ee728b)  -> (artifact id: '193582acf80c1946c4926be180b6ecea') in 0.009664 seconds
  Import took 0.011894 seconds .

========================================================================
Received Import Request.
  Time since last request: 0.000115 seconds.
  path: Assets/AbandonedTown/Assets/Pictures/tree/treeAutumn06.png
  artifactKey: Guid(68215614491ee0b46bd184faa24950b0) Importer(815301076,1909f56bfc062723c751e8b465ee728b)
Start importing Assets/AbandonedTown/Assets/Pictures/tree/treeAutumn06.png using Guid(68215614491ee0b46bd184faa24950b0) Importer(815301076,1909f56bfc062723c751e8b465ee728b)  -> (artifact id: '57b952899bf88f94174cbd2781481d1f') in 0.009267 seconds
  Import took 0.011022 seconds .

========================================================================
Received Import Request.
  Time since last request: 6.460535 seconds.
  path: Assets/AbandonedTown/Assets/Pictures/building
  artifactKey: Guid(5459cc8e3e96b504584a717d9f88e35a) Importer(815301076,1909f56bfc062723c751e8b465ee728b)
Start importing Assets/AbandonedTown/Assets/Pictures/building using Guid(5459cc8e3e96b504584a717d9f88e35a) Importer(815301076,1909f56bfc062723c751e8b465ee728b)  -> (artifact id: '51fd1f35089ce32bc0b23611349e7297') in 0.004837 seconds
  Import took 0.006984 seconds .

========================================================================
Received Prepare
Registering precompiled user dll's ...
Registered in 0.002468 seconds.
Begin MonoManager ReloadAssembly
Native extension for WindowsStandalone target not found
Native extension for WebGL target not found
Refreshing native plugins compatible for Editor in 0.39 ms, found 3 plugins.
Preloading 0 native plugins for Editor in 0.00 ms.
Mono: successfully reloaded assembly
- Completed reload, in  0.613 seconds
Platform modules already initialized, skipping
Refreshing native plugins compatible for Editor in 0.30 ms, found 3 plugins.
Preloading 0 native plugins for Editor in 0.00 ms.
Unloading 2073 Unused Serialized files (Serialized files now loaded: 0)
System memory in use before: 95.4 MB.
System memory in use after: 95.5 MB.

Unloading 18 unused Assets to reduce memory usage. Loaded Objects now: 2574.
Total: 1.845300 ms (FindLiveObjects: 0.137400 ms CreateObjectMapping: 0.050900 ms MarkObjects: 1.637100 ms  DeleteObjects: 0.019200 ms)

========================================================================
Received Import Request.
  Time since last request: 32.871506 seconds.
  path: Assets/Sounds
  artifactKey: Guid(24865fd170c0d7240986484889b655ce) Importer(815301076,1909f56bfc062723c751e8b465ee728b)
Start importing Assets/Sounds using Guid(24865fd170c0d7240986484889b655ce) Importer(815301076,1909f56bfc062723c751e8b465ee728b)  -> (artifact id: '76206126cc65dd22ddd2846b9548537a') in 0.007388 seconds
  Import took 0.009867 seconds .

========================================================================
Received Import Request.
  Time since last request: 0.066609 seconds.
  path: Assets/Sounds/Bonus.wav
  artifactKey: Guid(087c50e92f050d44b9546dd95df09bdf) Importer(815301076,1909f56bfc062723c751e8b465ee728b)
Start importing Assets/Sounds/Bonus.wav using Guid(087c50e92f050d44b9546dd95df09bdf) Importer(815301076,1909f56bfc062723c751e8b465ee728b)  -> (artifact id: '7f379fc39fb2b76c0f79db3d13fdbc28') in 0.035817 seconds
  Import took 0.038170 seconds .

========================================================================
Received Import Request.
  Time since last request: 0.000118 seconds.
  path: Assets/Sounds/DeathVoice.wav
  artifactKey: Guid(024b304362103714ba791e0842a7026d) Importer(815301076,1909f56bfc062723c751e8b465ee728b)
Start importing Assets/Sounds/DeathVoice.wav using Guid(024b304362103714ba791e0842a7026d) Importer(815301076,1909f56bfc062723c751e8b465ee728b)  -> (artifact id: 'c6695d32e02add8e4dc92adc2e6d1fda') in 0.007496 seconds
  Import took 0.009294 seconds .

========================================================================
Received Import Request.
  Time since last request: 0.000084 seconds.
  path: Assets/Sounds/ButtonHover.wav
  artifactKey: Guid(3c6835d292b39b04e9f48a0fd494ed48) Importer(815301076,1909f56bfc062723c751e8b465ee728b)
Start importing Assets/Sounds/ButtonHover.wav using Guid(3c6835d292b39b04e9f48a0fd494ed48) Importer(815301076,1909f56bfc062723c751e8b465ee728b)  -> (artifact id: '0155f367db3a73cf2e54b3405ad83523') in 0.007765 seconds
  Import took 0.009332 seconds .

========================================================================
Received Import Request.
  Time since last request: 0.000104 seconds.
  path: Assets/Sounds/Click.wav
  artifactKey: Guid(19402269ae6a7d644be8579246db484d) Importer(815301076,1909f56bfc062723c751e8b465ee728b)
Start importing Assets/Sounds/Click.wav using Guid(19402269ae6a7d644be8579246db484d) Importer(815301076,1909f56bfc062723c751e8b465ee728b)  -> (artifact id: 'a9cbebe5072c5cc17ed8bad27bd08dd2') in 0.006574 seconds
  Import took 0.008267 seconds .

========================================================================
Received Import Request.
  Time since last request: 0.000082 seconds.
  path: Assets/Sounds/Shot.wav
  artifactKey: Guid(36ccdb1a2595481438bfafe506ccc05d) Importer(815301076,1909f56bfc062723c751e8b465ee728b)
Start importing Assets/Sounds/Shot.wav using Guid(36ccdb1a2595481438bfafe506ccc05d) Importer(815301076,1909f56bfc062723c751e8b465ee728b)  -> (artifact id: '20565cd3d9fa9734f6795cc0567ffc96') in 0.008013 seconds
  Import took 0.009546 seconds .

========================================================================
Received Import Request.
  Time since last request: 0.000119 seconds.
  path: Assets/Sounds/Spawn.wav
  artifactKey: Guid(409d51f961f5efe4fb344897d1138bae) Importer(815301076,1909f56bfc062723c751e8b465ee728b)
Start importing Assets/Sounds/Spawn.wav using Guid(409d51f961f5efe4fb344897d1138bae) Importer(815301076,1909f56bfc062723c751e8b465ee728b)  -> (artifact id: 'f954cf9a30ea04c8912b0cc75f8f533a') in 0.011611 seconds
  Import took 0.013202 seconds .

========================================================================
Received Import Request.
  Time since last request: 0.000099 seconds.
  path: Assets/Sounds/RespawnCountdown.wav
  artifactKey: Guid(a3a8e7aa6a49b8849a2a92b444de0924) Importer(815301076,1909f56bfc062723c751e8b465ee728b)
Start importing Assets/Sounds/RespawnCountdown.wav using Guid(a3a8e7aa6a49b8849a2a92b444de0924) Importer(815301076,1909f56bfc062723c751e8b465ee728b)  -> (artifact id: 'd4398c4dbe7c05d14c729092c0ebc80e') in 0.011779 seconds
  Import took 0.013375 seconds .

========================================================================
Received Import Request.
  Time since last request: 0.000093 seconds.
  path: Assets/Sounds/Whoosh.wav
  artifactKey: Guid(ed9769b5e904eed4aa57cba27d85ba3f) Importer(815301076,1909f56bfc062723c751e8b465ee728b)
Start importing Assets/Sounds/Whoosh.wav using Guid(ed9769b5e904eed4aa57cba27d85ba3f) Importer(815301076,1909f56bfc062723c751e8b465ee728b)  -> (artifact id: '06832cfcb227f6014ba790330751b65f') in 0.020600 seconds
  Import took 0.022311 seconds .

========================================================================
Received Import Request.
  Time since last request: 0.000112 seconds.
  path: Assets/Sounds/GruntVoice01.wav
  artifactKey: Guid(351a496d8cc55a2469762bfac14f585c) Importer(815301076,1909f56bfc062723c751e8b465ee728b)
Start importing Assets/Sounds/GruntVoice01.wav using Guid(351a496d8cc55a2469762bfac14f585c) Importer(815301076,1909f56bfc062723c751e8b465ee728b)  -> (artifact id: 'bd00789dc68964b436be41ea3ceb9626') in 0.011420 seconds
  Import took 0.013348 seconds .

========================================================================
Received Import Request.
  Time since last request: 0.000112 seconds.
  path: Assets/Sounds/Hit.wav
  artifactKey: Guid(9c7466031a17a404a84a8d7b68e9a899) Importer(815301076,1909f56bfc062723c751e8b465ee728b)
Start importing Assets/Sounds/Hit.wav using Guid(9c7466031a17a404a84a8d7b68e9a899) Importer(815301076,1909f56bfc062723c751e8b465ee728b)  -> (artifact id: 'df87964b451fd19e0fc6fb0d78f1dcb4') in 0.011454 seconds
  Import took 0.013051 seconds .

========================================================================
Received Import Request.
  Time since last request: 0.000120 seconds.
  path: Assets/Sounds/GruntVoice02.wav
  artifactKey: Guid(de08a739dfabc18439b4559efffda22e) Importer(815301076,1909f56bfc062723c751e8b465ee728b)
Start importing Assets/Sounds/GruntVoice02.wav using Guid(de08a739dfabc18439b4559efffda22e) Importer(815301076,1909f56bfc062723c751e8b465ee728b)  -> (artifact id: '4aba557aa18ead726b85d3115dbc62ca') in 0.011661 seconds
  Import took 0.013293 seconds .

========================================================================
Received Import Request.
  Time since last request: 0.000102 seconds.
  path: Assets/Sounds/GameOver.wav
  artifactKey: Guid(79a99230aaefcfc4491c890fcd642ca3) Importer(815301076,1909f56bfc062723c751e8b465ee728b)
Start importing Assets/Sounds/GameOver.wav using Guid(79a99230aaefcfc4491c890fcd642ca3) Importer(815301076,1909f56bfc062723c751e8b465ee728b)  -> (artifact id: '02afd91742904958a63dfb58eebc7071') in 0.019486 seconds
  Import took 0.021426 seconds .

========================================================================
Received Import Request.
  Time since last request: 0.000116 seconds.
  path: Assets/Sounds/Ground&Sky.png
  artifactKey: Guid(295bc308c588fa64ca5c1b9ebe54224b) Importer(815301076,1909f56bfc062723c751e8b465ee728b)
Start importing Assets/Sounds/Ground&Sky.png using Guid(295bc308c588fa64ca5c1b9ebe54224b) Importer(815301076,1909f56bfc062723c751e8b465ee728b)  -> (artifact id: 'f7198bc94375387986a6dea52b478fa5') in 0.023792 seconds
  Import took 0.025481 seconds .

========================================================================
Received Import Request.
  Time since last request: 0.000108 seconds.
  path: Assets/Sounds/ButtonPress.wav
  artifactKey: Guid(c4c78ee54d05a2045a93c616de00332e) Importer(815301076,1909f56bfc062723c751e8b465ee728b)
Start importing Assets/Sounds/ButtonPress.wav using Guid(c4c78ee54d05a2045a93c616de00332e) Importer(815301076,1909f56bfc062723c751e8b465ee728b)  -> (artifact id: '8a04ccc2907868c9b07f2fecef84c77e') in 0.010976 seconds
  Import took 0.012549 seconds .

========================================================================
Received Import Request.
  Time since last request: 0.000119 seconds.
  path: Assets/Sounds/Explosion.wav
  artifactKey: Guid(314c7502e83349847996babaf88d05ae) Importer(815301076,1909f56bfc062723c751e8b465ee728b)
Start importing Assets/Sounds/Explosion.wav using Guid(314c7502e83349847996babaf88d05ae) Importer(815301076,1909f56bfc062723c751e8b465ee728b)  -> (artifact id: '2233e91982ebf897409bf10143b5f63f') in 0.007637 seconds
  Import took 0.009447 seconds .

========================================================================
Received Import Request.
  Time since last request: 0.000081 seconds.
  path: Assets/Sounds/LandingFootsteps.wav
  artifactKey: Guid(e98c578a157467043928bbfb66c57397) Importer(815301076,1909f56bfc062723c751e8b465ee728b)
Start importing Assets/Sounds/LandingFootsteps.wav using Guid(e98c578a157467043928bbfb66c57397) Importer(815301076,1909f56bfc062723c751e8b465ee728b)  -> (artifact id: '59e205c83c519821c83aa6f849e13e23') in 0.006723 seconds
  Import took 0.008318 seconds .

========================================================================
Received Import Request.
  Time since last request: 12.047701 seconds.
  path: Assets/Sound Collection
  artifactKey: Guid(24865fd170c0d7240986484889b655ce) Importer(815301076,1909f56bfc062723c751e8b465ee728b)
Start importing Assets/Sound Collection using Guid(24865fd170c0d7240986484889b655ce) Importer(815301076,1909f56bfc062723c751e8b465ee728b)  -> (artifact id: 'dd702bf1e1db52f0a8abe40cc6a8f6a5') in 0.006031 seconds
  Import took 0.008393 seconds .

========================================================================
Received Import Request.
  Time since last request: 43.571345 seconds.
  path: Assets/Game Level/sprites/ground&sky
  artifactKey: Guid(49029291f681fbb41b06299ece0db121) Importer(815301076,1909f56bfc062723c751e8b465ee728b)
Start importing Assets/Game Level/sprites/ground&sky using Guid(49029291f681fbb41b06299ece0db121) Importer(815301076,1909f56bfc062723c751e8b465ee728b)  -> (artifact id: '58b1b874567050d80d12603384c44e9b') in 0.005485 seconds
  Import took 0.007866 seconds .

========================================================================
Received Import Request.
  Time since last request: 0.080856 seconds.
  path: Assets/Game Level/sprites/ground&sky/grass-texture-2.png
  artifactKey: Guid(c6e6a54cbc82b194aab9f795560ac3e9) Importer(815301076,1909f56bfc062723c751e8b465ee728b)
Start importing Assets/Game Level/sprites/ground&sky/grass-texture-2.png using Guid(c6e6a54cbc82b194aab9f795560ac3e9) Importer(815301076,1909f56bfc062723c751e8b465ee728b)  -> (artifact id: '0157917b5fe0c832ff995c65d0048b5c') in 0.012651 seconds
  Import took 0.014681 seconds .

========================================================================
Received Import Request.
  Time since last request: 0.000121 seconds.
  path: Assets/Game Level/sprites/ground&sky/grassSummer2.png
  artifactKey: Guid(72cc4f5d233b8194387a6b0048ef37f6) Importer(815301076,1909f56bfc062723c751e8b465ee728b)
Start importing Assets/Game Level/sprites/ground&sky/grassSummer2.png using Guid(72cc4f5d233b8194387a6b0048ef37f6) Importer(815301076,1909f56bfc062723c751e8b465ee728b)  -> (artifact id: '8785bca16a5ff59d430114e5b09d4967') in 0.026503 seconds
  Import took 0.028348 seconds .

========================================================================
Received Import Request.
  Time since last request: 0.000111 seconds.
  path: Assets/Game Level/sprites/ground&sky/grassAutumn4.png
  artifactKey: Guid(0a23cee771b98894983304540059997c) Importer(815301076,1909f56bfc062723c751e8b465ee728b)
Start importing Assets/Game Level/sprites/ground&sky/grassAutumn4.png using Guid(0a23cee771b98894983304540059997c) Importer(815301076,1909f56bfc062723c751e8b465ee728b)  -> (artifact id: '89b00981cda78994c682561f943b59db') in 0.032774 seconds
  Import took 0.034575 seconds .

========================================================================
Received Import Request.
  Time since last request: 0.000142 seconds.
  path: Assets/Game Level/sprites/ground&sky/grassSummer5.png
  artifactKey: Guid(212a0d73d0205544fac6b469eae036ae) Importer(815301076,1909f56bfc062723c751e8b465ee728b)
Start importing Assets/Game Level/sprites/ground&sky/grassSummer5.png using Guid(212a0d73d0205544fac6b469eae036ae) Importer(815301076,1909f56bfc062723c751e8b465ee728b)  -> (artifact id: '70e1fd0a47d9adce0b9720a9a7ae0a95') in 0.019280 seconds
  Import took 0.021127 seconds .

========================================================================
Received Import Request.
  Time since last request: 0.000110 seconds.
  path: Assets/Game Level/sprites/ground&sky/grassAutumn5.png
  artifactKey: Guid(bba54fc5bd5532a4ca562c1a5663b78b) Importer(815301076,1909f56bfc062723c751e8b465ee728b)
Start importing Assets/Game Level/sprites/ground&sky/grassAutumn5.png using Guid(bba54fc5bd5532a4ca562c1a5663b78b) Importer(815301076,1909f56bfc062723c751e8b465ee728b)  -> (artifact id: 'd418d0b327f77916f1863d611da1a26a') in 0.031486 seconds
  Import took 0.033234 seconds .

========================================================================
Received Import Request.
  Time since last request: 0.000100 seconds.
  path: Assets/Game Level/sprites/ground&sky/grassAutumn2.png
  artifactKey: Guid(d77e1c98a2a40e644bc84f9226a50160) Importer(815301076,1909f56bfc062723c751e8b465ee728b)
Start importing Assets/Game Level/sprites/ground&sky/grassAutumn2.png using Guid(d77e1c98a2a40e644bc84f9226a50160) Importer(815301076,1909f56bfc062723c751e8b465ee728b)  -> (artifact id: '7466d53b39306d4d466711cfd557bec5') in 0.012406 seconds
  Import took 0.014133 seconds .

========================================================================
Received Import Request.
  Time since last request: 0.000122 seconds.
  path: Assets/Game Level/sprites/ground&sky/grassSummer1.png
  artifactKey: Guid(08d86e4629a6c3e4fa063ceaff7faa1a) Importer(815301076,1909f56bfc062723c751e8b465ee728b)
Start importing Assets/Game Level/sprites/ground&sky/grassSummer1.png using Guid(08d86e4629a6c3e4fa063ceaff7faa1a) Importer(815301076,1909f56bfc062723c751e8b465ee728b)  -> (artifact id: 'b02974dfff71eb9b2eb0b042495d85c4') in 0.026728 seconds
  Import took 0.028583 seconds .

========================================================================
Received Import Request.
  Time since last request: 0.000106 seconds.
  path: Assets/Game Level/sprites/ground&sky/grassAutumn1.png
  artifactKey: Guid(6144735f15bb0a74a92ce163f07bfd8b) Importer(815301076,1909f56bfc062723c751e8b465ee728b)
Start importing Assets/Game Level/sprites/ground&sky/grassAutumn1.png using Guid(6144735f15bb0a74a92ce163f07bfd8b) Importer(815301076,1909f56bfc062723c751e8b465ee728b)  -> (artifact id: 'cd850ddb7fa4150a2c03f8965b18656e') in 0.020081 seconds
  Import took 0.021772 seconds .

========================================================================
Received Import Request.
  Time since last request: 0.000109 seconds.
  path: Assets/Game Level/sprites/ground&sky/grassSummer3.png
  artifactKey: Guid(57b5237da29c5ac4995509a38d6bb26a) Importer(815301076,1909f56bfc062723c751e8b465ee728b)
Start importing Assets/Game Level/sprites/ground&sky/grassSummer3.png using Guid(57b5237da29c5ac4995509a38d6bb26a) Importer(815301076,1909f56bfc062723c751e8b465ee728b)  -> (artifact id: '4c68c54e4bc79845b9fcbb0829325e1a') in 0.011230 seconds
  Import took 0.012835 seconds .

========================================================================
Received Import Request.
  Time since last request: 0.000112 seconds.
  path: Assets/Game Level/sprites/ground&sky/sky.png
  artifactKey: Guid(8b3047a228d622240ae73e45a94dafd9) Importer(815301076,1909f56bfc062723c751e8b465ee728b)
Start importing Assets/Game Level/sprites/ground&sky/sky.png using Guid(8b3047a228d622240ae73e45a94dafd9) Importer(815301076,1909f56bfc062723c751e8b465ee728b)  -> (artifact id: 'ee19c8084045638675b070fa1e0749ac') in 0.024617 seconds
  Import took 0.026390 seconds .

========================================================================
Received Import Request.
  Time since last request: 0.000100 seconds.
  path: Assets/Game Level/sprites/ground&sky/grass-texture.png
  artifactKey: Guid(ab51d404d06f9c549b68d31a234c6c24) Importer(815301076,1909f56bfc062723c751e8b465ee728b)
Start importing Assets/Game Level/sprites/ground&sky/grass-texture.png using Guid(ab51d404d06f9c549b68d31a234c6c24) Importer(815301076,1909f56bfc062723c751e8b465ee728b)  -> (artifact id: 'e61f034192bc6cf5edea5e6bebc5e0d3') in 0.032593 seconds
  Import took 0.034177 seconds .

========================================================================
Received Import Request.
  Time since last request: 0.000099 seconds.
  path: Assets/Game Level/sprites/ground&sky/grassSummer4.png
  artifactKey: Guid(67548c0a2fe989a479602c14db1f2fa6) Importer(815301076,1909f56bfc062723c751e8b465ee728b)
Start importing Assets/Game Level/sprites/ground&sky/grassSummer4.png using Guid(67548c0a2fe989a479602c14db1f2fa6) Importer(815301076,1909f56bfc062723c751e8b465ee728b)  -> (artifact id: 'dd49220f478d0d5cb8fcaf170f550966') in 0.026890 seconds
  Import took 0.028633 seconds .

========================================================================
Received Import Request.
  Time since last request: 0.000103 seconds.
  path: Assets/Game Level/sprites/ground&sky/grassAutumn3.png
  artifactKey: Guid(62cfb0736b192f64caf18b74218bd5c3) Importer(815301076,1909f56bfc062723c751e8b465ee728b)
Start importing Assets/Game Level/sprites/ground&sky/grassAutumn3.png using Guid(62cfb0736b192f64caf18b74218bd5c3) Importer(815301076,1909f56bfc062723c751e8b465ee728b)  -> (artifact id: '1999c06b329769b946846f3e35255f40') in 0.025822 seconds
  Import took 0.027473 seconds .

========================================================================
Received Import Request.
  Time since last request: 371.678772 seconds.
  path: Assets/Game Level/sprites/building/house01.png
  artifactKey: Guid(742c3106384b6c040b36de3f09cf5c2a) Importer(815301076,1909f56bfc062723c751e8b465ee728b)
Start importing Assets/Game Level/sprites/building/house01.png using Guid(742c3106384b6c040b36de3f09cf5c2a) Importer(815301076,1909f56bfc062723c751e8b465ee728b)  -> (artifact id: 'f4e119916d87d18df68c974a28669299') in 0.011965 seconds
  Import took 0.014591 seconds .

========================================================================
Received Import Request.
  Time since last request: 0.000121 seconds.
  path: Assets/Game Level/sprites/building/house03.png
  artifactKey: Guid(40d31bbd703f9c54db4454f51b232df6) Importer(815301076,1909f56bfc062723c751e8b465ee728b)
Start importing Assets/Game Level/sprites/building/house03.png using Guid(40d31bbd703f9c54db4454f51b232df6) Importer(815301076,1909f56bfc062723c751e8b465ee728b)  -> (artifact id: 'd22fa9452ea1a82c75270c725aa4b525') in 0.029323 seconds
  Import took 0.031348 seconds .

========================================================================
Received Import Request.
  Time since last request: 0.000104 seconds.
  path: Assets/Game Level/sprites/building/house07.png
  artifactKey: Guid(728fc1fd8aa29fa4e8eb44cfe8cc8560) Importer(815301076,1909f56bfc062723c751e8b465ee728b)
Start importing Assets/Game Level/sprites/building/house07.png using Guid(728fc1fd8aa29fa4e8eb44cfe8cc8560) Importer(815301076,1909f56bfc062723c751e8b465ee728b)  -> (artifact id: 'ccb6209b07ab37c3aabcf84f692a48d6') in 0.017170 seconds
  Import took 0.019161 seconds .

========================================================================
Received Import Request.
  Time since last request: 0.000110 seconds.
  path: Assets/Game Level/sprites/building/house09.png
  artifactKey: Guid(4564a688462ce0841a9388dae484554e) Importer(815301076,1909f56bfc062723c751e8b465ee728b)
Start importing Assets/Game Level/sprites/building/house09.png using Guid(4564a688462ce0841a9388dae484554e) Importer(815301076,1909f56bfc062723c751e8b465ee728b)  -> (artifact id: '308167572163002d8381b76814f51dfd') in 0.030493 seconds
  Import took 0.032440 seconds .

========================================================================
Received Import Request.
  Time since last request: 0.000114 seconds.
  path: Assets/Game Level/sprites/building/house02.png
  artifactKey: Guid(6f3daef510a5b234b9f2b6c1a026ada7) Importer(815301076,1909f56bfc062723c751e8b465ee728b)
Start importing Assets/Game Level/sprites/building/house02.png using Guid(6f3daef510a5b234b9f2b6c1a026ada7) Importer(815301076,1909f56bfc062723c751e8b465ee728b)  -> (artifact id: '7eab7630b2365082c655630592782665') in 0.012004 seconds
  Import took 0.013782 seconds .

========================================================================
Received Import Request.
  Time since last request: 0.000107 seconds.
  path: Assets/Game Level/sprites/building/house10.png
  artifactKey: Guid(7ff120e7faca9ed44bbf572c04ea12b3) Importer(815301076,1909f56bfc062723c751e8b465ee728b)
Start importing Assets/Game Level/sprites/building/house10.png using Guid(7ff120e7faca9ed44bbf572c04ea12b3) Importer(815301076,1909f56bfc062723c751e8b465ee728b)  -> (artifact id: '6fdf92486ae7e2ee4448c5a74b123834') in 0.045364 seconds
  Import took 0.047329 seconds .

========================================================================
Received Import Request.
  Time since last request: 0.000127 seconds.
  path: Assets/Game Level/sprites/building/house02.png
  artifactKey: Guid(6f3daef510a5b234b9f2b6c1a026ada7) Importer(815301076,1909f56bfc062723c751e8b465ee728b)
Start importing Assets/Game Level/sprites/building/house02.png using Guid(6f3daef510a5b234b9f2b6c1a026ada7) Importer(815301076,1909f56bfc062723c751e8b465ee728b)  -> (artifact id: '7eab7630b2365082c655630592782665') in 0.008952 seconds
  Import took 0.010678 seconds .

========================================================================
Received Import Request.
  Time since last request: 0.000196 seconds.
  path: Assets/Game Level/sprites/building/house06.png
  artifactKey: Guid(766c748484876454dabd23f413560ace) Importer(815301076,1909f56bfc062723c751e8b465ee728b)
Start importing Assets/Game Level/sprites/building/house06.png using Guid(766c748484876454dabd23f413560ace) Importer(815301076,1909f56bfc062723c751e8b465ee728b)  -> (artifact id: '1031476915eba87aea7e54beabd1cd5a') in 0.031503 seconds
  Import took 0.033528 seconds .

========================================================================
Received Import Request.
  Time since last request: 0.000141 seconds.
  path: Assets/Game Level/sprites/building/house08.png
  artifactKey: Guid(8d6e55e1fe732ab40bb0207a39e6bf44) Importer(815301076,1909f56bfc062723c751e8b465ee728b)
Start importing Assets/Game Level/sprites/building/house08.png using Guid(8d6e55e1fe732ab40bb0207a39e6bf44) Importer(815301076,1909f56bfc062723c751e8b465ee728b)  -> (artifact id: 'b9816882a118c59af9dfe826b0e73638') in 0.031320 seconds
  Import took 0.033273 seconds .

========================================================================
Received Import Request.
  Time since last request: 0.000098 seconds.
  path: Assets/Game Level/sprites/building/house05.png
  artifactKey: Guid(dd0c23eb320aa0a4197bc33acb852e27) Importer(815301076,1909f56bfc062723c751e8b465ee728b)
Start importing Assets/Game Level/sprites/building/house05.png using Guid(dd0c23eb320aa0a4197bc33acb852e27) Importer(815301076,1909f56bfc062723c751e8b465ee728b)  -> (artifact id: '99c99585efeea30ea57dc32ed157f1b1') in 0.015681 seconds
  Import took 0.017675 seconds .

========================================================================
Received Import Request.
  Time since last request: 0.000109 seconds.
  path: Assets/Game Level/sprites/building/house04.png
  artifactKey: Guid(5ba4129eb1306b346a70cd12578c068b) Importer(815301076,1909f56bfc062723c751e8b465ee728b)
Start importing Assets/Game Level/sprites/building/house04.png using Guid(5ba4129eb1306b346a70cd12578c068b) Importer(815301076,1909f56bfc062723c751e8b465ee728b)  -> (artifact id: 'd7deeefe66d2b11631e3a62c90fef8bb') in 0.013739 seconds
  Import took 0.015624 seconds .

========================================================================
Received Import Request.
  Time since last request: 304.797778 seconds.
  path: Assets/Startup Menu/Startup Scene.unity
  artifactKey: Guid(ba609402f8a5ed242ba0cc6c4e8e1aec) Importer(815301076,1909f56bfc062723c751e8b465ee728b)
Start importing Assets/Startup Menu/Startup Scene.unity using Guid(ba609402f8a5ed242ba0cc6c4e8e1aec) Importer(815301076,1909f56bfc062723c751e8b465ee728b)  -> (artifact id: '5ccbd204e374e347c03d212850fc2eca') in 0.005314 seconds
  Import took 0.008025 seconds .

