Using pre-set license
Built from '2020.3/staging' branch; Version is '2020.3.11f1 (99c7afb366b3) revision 10078127'; Using compiler version '192528614'; Build Type 'Release'
OS: 'Windows 10 Home; OS build 19042.1083; Version 2009; 64bit' Language: 'de' Physical Memory: 8078 MB
BatchMode: 1, IsHumanControllingUs: 0, StartBugReporterOnCrash: 0, Is64bit: 1, IsPro: 0

 COMMAND LINE ARGUMENTS:
C:\Program Files\Unity\Hub\Editor\2020.3.11f1\Editor\Unity.exe
-adb2
-batchMode
-noUpm
-name
AssetImportWorker1
-projectPath
C:/Users/Egesa/Documents/GitHub/Abschlussprojekt_MMP/Abschlussprojekt_MMP
-logFile
Logs/AssetImportWorker1.log
-srvPort
55952
Successfully changed project path to: C:/Users/Egesa/Documents/GitHub/Abschlussprojekt_MMP/Abschlussprojekt_MMP
C:/Users/Egesa/Documents/GitHub/Abschlussprojekt_MMP/Abschlussprojekt_MMP
Using Asset Import Pipeline V2.
Refreshing native plugins compatible for Editor in 219.66 ms, found 3 plugins.
Preloading 0 native plugins for Editor in 0.00 ms.
Initialize engine version: 2020.3.11f1 (99c7afb366b3)
[Subsystems] Discovering subsystems at path C:/Program Files/Unity/Hub/Editor/2020.3.11f1/Editor/Data/Resources/UnitySubsystems
[Subsystems] Discovering subsystems at path C:/Users/Egesa/Documents/GitHub/Abschlussprojekt_MMP/Abschlussprojekt_MMP/Assets
GfxDevice: creating device client; threaded=0
Direct3D:
    Version:  Direct3D 11.0 [level 11.1]
    Renderer: Intel(R) HD Graphics 620 (ID=0x5916)
    Vendor:   
    VRAM:     4039 MB
    Driver:   27.20.100.8682
Initialize mono
Mono path[0] = 'C:/Program Files/Unity/Hub/Editor/2020.3.11f1/Editor/Data/Managed'
Mono path[1] = 'C:/Program Files/Unity/Hub/Editor/2020.3.11f1/Editor/Data/MonoBleedingEdge/lib/mono/unityjit'
Mono config path = 'C:/Program Files/Unity/Hub/Editor/2020.3.11f1/Editor/Data/MonoBleedingEdge/etc'
Using monoOptions --debugger-agent=transport=dt_socket,embedding=1,server=y,suspend=n,address=127.0.0.1:56116
Begin MonoManager ReloadAssembly
Registering precompiled unity dll's ...
Register platform support module: C:/Program Files/Unity/Hub/Editor/2020.3.11f1/Editor/Data/PlaybackEngines/WindowsStandaloneSupport/UnityEditor.WindowsStandalone.Extensions.dll
Registered in 0.006313 seconds.
Native extension for WindowsStandalone target not found
Refreshing native plugins compatible for Editor in 131.29 ms, found 3 plugins.
Preloading 0 native plugins for Editor in 0.00 ms.
Mono: successfully reloaded assembly
- Completed reload, in  4.497 seconds
Platform modules already initialized, skipping
Registering precompiled user dll's ...
Registered in 0.019563 seconds.
Begin MonoManager ReloadAssembly
Native extension for WindowsStandalone target not found
Refreshing native plugins compatible for Editor in 117.57 ms, found 3 plugins.
Preloading 0 native plugins for Editor in 0.00 ms.
Mono: successfully reloaded assembly
- Completed reload, in  4.068 seconds
Platform modules already initialized, skipping
========================================================================
Worker process is ready to serve import requests
Launched and connected shader compiler UnityShaderCompiler.exe after 0.20 seconds
Refreshing native plugins compatible for Editor in 1.32 ms, found 3 plugins.
Preloading 0 native plugins for Editor in 0.00 ms.
Unloading 2093 Unused Serialized files (Serialized files now loaded: 0)
System memory in use before: 93.3 MB.
System memory in use after: 93.3 MB.

Unloading 33 unused Assets to reduce memory usage. Loaded Objects now: 2528.
Total: 8.458000 ms (FindLiveObjects: 0.673500 ms CreateObjectMapping: 0.361400 ms MarkObjects: 6.811400 ms  DeleteObjects: 0.607600 ms)

========================================================================
Received Import Request.
  path: Assets/Game Level/scripts/scoreController.cs
  artifactKey: Guid(f676f5486e35eb543924033379342059) Importer(815301076,1909f56bfc062723c751e8b465ee728b)
Start importing Assets/Game Level/scripts/scoreController.cs using Guid(f676f5486e35eb543924033379342059) Importer(815301076,1909f56bfc062723c751e8b465ee728b)  -> (artifact id: 'c002c31df75e742d545005392cc61a55') in 0.176566 seconds
  Import took 0.190845 seconds .

========================================================================
Received Prepare
Registering precompiled user dll's ...
Registered in 0.047446 seconds.
Begin MonoManager ReloadAssembly
Native extension for WindowsStandalone target not found
Refreshing native plugins compatible for Editor in 1.07 ms, found 3 plugins.
Preloading 0 native plugins for Editor in 0.00 ms.
Mono: successfully reloaded assembly
- Completed reload, in  8.916 seconds
Platform modules already initialized, skipping
Refreshing native plugins compatible for Editor in 2.12 ms, found 3 plugins.
Preloading 0 native plugins for Editor in 0.00 ms.
Unloading 2088 Unused Serialized files (Serialized files now loaded: 0)
System memory in use before: 93.3 MB.
System memory in use after: 93.2 MB.

Unloading 21 unused Assets to reduce memory usage. Loaded Objects now: 2532.
Total: 12.294200 ms (FindLiveObjects: 2.962500 ms CreateObjectMapping: 0.438800 ms MarkObjects: 8.642500 ms  DeleteObjects: 0.247000 ms)

AssetImportWorkerClient::OnTransportError - code=2 error=End of file
